<?xml version="1.0" encoding="UTF-8"?>
<!-- Generated by org.testng.reporters.JUnitReportReporter -->
<testsuite skipped="0" hostname="LAPTOP-SOVQ8MF1" name="CallHub.RestAPI.GitHubApiTest" tests="1" failures="0" timestamp="21 May 2019 14:47:45 GMT" time="4.633" errors="0">
  <testcase name="getRepoNames" time="4.633" classname="CallHub.RestAPI.GitHubApiTest"/>
</testsuite> <!-- CallHub.RestAPI.GitHubApiTest -->
